{"/Users/leoandrade/repos/battleship/src/gameBoard.js": {"path":"/Users/leoandrade/repos/battleship/src/gameBoard.js","statementMap":{"0":{"start":{"line":1,"column":15},"end":{"line":1,"column":34}},"1":{"start":{"line":5,"column":8},"end":{"line":5,"column":33}},"2":{"start":{"line":6,"column":8},"end":{"line":6,"column":43}},"3":{"start":{"line":7,"column":8},"end":{"line":7,"column":47}},"4":{"start":{"line":8,"column":8},"end":{"line":8,"column":23}},"5":{"start":{"line":9,"column":8},"end":{"line":9,"column":25}},"6":{"start":{"line":10,"column":8},"end":{"line":10,"column":24}},"7":{"start":{"line":11,"column":8},"end":{"line":11,"column":24}},"8":{"start":{"line":12,"column":8},"end":{"line":12,"column":35}},"9":{"start":{"line":13,"column":8},"end":{"line":13,"column":30}},"10":{"start":{"line":15,"column":8},"end":{"line":18,"column":9}},"11":{"start":{"line":16,"column":12},"end":{"line":16,"column":51}},"12":{"start":{"line":17,"column":12},"end":{"line":17,"column":53}},"13":{"start":{"line":23,"column":36},"end":{"line":23,"column":89}},"14":{"start":{"line":24,"column":26},"end":{"line":24,"column":55}},"15":{"start":{"line":25,"column":8},"end":{"line":25,"column":42}},"16":{"start":{"line":26,"column":8},"end":{"line":26,"column":30}},"17":{"start":{"line":28,"column":8},"end":{"line":33,"column":9}},"18":{"start":{"line":28,"column":21},"end":{"line":28,"column":22}},"19":{"start":{"line":29,"column":29},"end":{"line":29,"column":58}},"20":{"start":{"line":30,"column":12},"end":{"line":30,"column":40}},"21":{"start":{"line":31,"column":12},"end":{"line":31,"column":28}},"22":{"start":{"line":32,"column":12},"end":{"line":32,"column":39}},"23":{"start":{"line":35,"column":8},"end":{"line":35,"column":46}},"24":{"start":{"line":39,"column":28},"end":{"line":39,"column":71}},"25":{"start":{"line":40,"column":28},"end":{"line":40,"column":47}},"26":{"start":{"line":41,"column":27},"end":{"line":41,"column":81}},"27":{"start":{"line":42,"column":31},"end":{"line":42,"column":77}},"28":{"start":{"line":44,"column":25},"end":{"line":44,"column":61}},"29":{"start":{"line":46,"column":25},"end":{"line":48,"column":109}},"30":{"start":{"line":50,"column":24},"end":{"line":50,"column":26}},"31":{"start":{"line":52,"column":8},"end":{"line":58,"column":9}},"32":{"start":{"line":52,"column":21},"end":{"line":52,"column":22}},"33":{"start":{"line":53,"column":12},"end":{"line":57,"column":13}},"34":{"start":{"line":54,"column":16},"end":{"line":54,"column":68}},"35":{"start":{"line":56,"column":16},"end":{"line":56,"column":73}},"36":{"start":{"line":62,"column":8},"end":{"line":66,"column":9}},"37":{"start":{"line":63,"column":12},"end":{"line":63,"column":122}},"38":{"start":{"line":63,"column":50},"end":{"line":63,"column":120}},"39":{"start":{"line":65,"column":12},"end":{"line":65,"column":99}},"40":{"start":{"line":65,"column":50},"end":{"line":65,"column":97}},"41":{"start":{"line":68,"column":25},"end":{"line":68,"column":91}},"42":{"start":{"line":68,"column":53},"end":{"line":68,"column":90}},"43":{"start":{"line":70,"column":8},"end":{"line":85,"column":9}},"44":{"start":{"line":71,"column":12},"end":{"line":74,"column":15}},"45":{"start":{"line":72,"column":16},"end":{"line":72,"column":50}},"46":{"start":{"line":73,"column":16},"end":{"line":73,"column":48}},"47":{"start":{"line":75,"column":12},"end":{"line":75,"column":48}},"48":{"start":{"line":76,"column":12},"end":{"line":76,"column":65}},"49":{"start":{"line":77,"column":12},"end":{"line":81,"column":13}},"50":{"start":{"line":78,"column":16},"end":{"line":78,"column":84}},"51":{"start":{"line":78,"column":46},"end":{"line":78,"column":82}},"52":{"start":{"line":80,"column":16},"end":{"line":80,"column":82}},"53":{"start":{"line":80,"column":46},"end":{"line":80,"column":80}},"54":{"start":{"line":83,"column":12},"end":{"line":83,"column":77}},"55":{"start":{"line":83,"column":39},"end":{"line":83,"column":77}},"56":{"start":{"line":84,"column":12},"end":{"line":84,"column":60}},"57":{"start":{"line":84,"column":37},"end":{"line":84,"column":60}},"58":{"start":{"line":88,"column":17},"end":{"line":121,"column":5}},"59":{"start":{"line":89,"column":28},"end":{"line":89,"column":73}},"60":{"start":{"line":91,"column":26},"end":{"line":105,"column":9}},"61":{"start":{"line":92,"column":12},"end":{"line":104,"column":13}},"62":{"start":{"line":92,"column":52},"end":{"line":92,"column":79}},"63":{"start":{"line":94,"column":16},"end":{"line":97,"column":17}},"64":{"start":{"line":95,"column":20},"end":{"line":95,"column":100}},"65":{"start":{"line":96,"column":20},"end":{"line":96,"column":104}},"66":{"start":{"line":96,"column":75},"end":{"line":96,"column":102}},"67":{"start":{"line":98,"column":16},"end":{"line":101,"column":17}},"68":{"start":{"line":99,"column":20},"end":{"line":99,"column":98}},"69":{"start":{"line":100,"column":20},"end":{"line":100,"column":106}},"70":{"start":{"line":100,"column":77},"end":{"line":100,"column":104}},"71":{"start":{"line":103,"column":16},"end":{"line":103,"column":47}},"72":{"start":{"line":107,"column":8},"end":{"line":107,"column":34}},"73":{"start":{"line":108,"column":8},"end":{"line":108,"column":34}},"74":{"start":{"line":109,"column":8},"end":{"line":109,"column":32}},"75":{"start":{"line":110,"column":8},"end":{"line":110,"column":35}},"76":{"start":{"line":111,"column":8},"end":{"line":111,"column":32}},"77":{"start":{"line":113,"column":8},"end":{"line":116,"column":9}},"78":{"start":{"line":114,"column":12},"end":{"line":114,"column":85}},"79":{"start":{"line":115,"column":12},"end":{"line":115,"column":33}},"80":{"start":{"line":117,"column":8},"end":{"line":120,"column":9}},"81":{"start":{"line":118,"column":12},"end":{"line":118,"column":84}},"82":{"start":{"line":119,"column":12},"end":{"line":119,"column":33}},"83":{"start":{"line":124,"column":0},"end":{"line":124,"column":27}}},"fnMap":{"0":{"name":"(anonymous_0)","decl":{"start":{"line":4,"column":4},"end":{"line":4,"column":5}},"loc":{"start":{"line":4,"column":34},"end":{"line":19,"column":5}},"line":4},"1":{"name":"(anonymous_1)","decl":{"start":{"line":22,"column":4},"end":{"line":22,"column":5}},"loc":{"start":{"line":22,"column":28},"end":{"line":36,"column":5}},"line":22},"2":{"name":"(anonymous_2)","decl":{"start":{"line":38,"column":4},"end":{"line":38,"column":5}},"loc":{"start":{"line":38,"column":37},"end":{"line":86,"column":5}},"line":38},"3":{"name":"(anonymous_3)","decl":{"start":{"line":63,"column":28},"end":{"line":63,"column":29}},"loc":{"start":{"line":63,"column":50},"end":{"line":63,"column":120}},"line":63},"4":{"name":"(anonymous_4)","decl":{"start":{"line":65,"column":28},"end":{"line":65,"column":29}},"loc":{"start":{"line":65,"column":50},"end":{"line":65,"column":97}},"line":65},"5":{"name":"(anonymous_5)","decl":{"start":{"line":68,"column":41},"end":{"line":68,"column":42}},"loc":{"start":{"line":68,"column":53},"end":{"line":68,"column":90}},"line":68},"6":{"name":"(anonymous_6)","decl":{"start":{"line":71,"column":30},"end":{"line":71,"column":31}},"loc":{"start":{"line":71,"column":42},"end":{"line":74,"column":13}},"line":71},"7":{"name":"(anonymous_7)","decl":{"start":{"line":78,"column":34},"end":{"line":78,"column":35}},"loc":{"start":{"line":78,"column":46},"end":{"line":78,"column":82}},"line":78},"8":{"name":"(anonymous_8)","decl":{"start":{"line":80,"column":34},"end":{"line":80,"column":35}},"loc":{"start":{"line":80,"column":46},"end":{"line":80,"column":80}},"line":80},"9":{"name":"(anonymous_9)","decl":{"start":{"line":88,"column":17},"end":{"line":88,"column":18}},"loc":{"start":{"line":88,"column":58},"end":{"line":121,"column":5}},"line":88},"10":{"name":"(anonymous_10)","decl":{"start":{"line":91,"column":26},"end":{"line":91,"column":27}},"loc":{"start":{"line":91,"column":52},"end":{"line":105,"column":9}},"line":91},"11":{"name":"(anonymous_11)","decl":{"start":{"line":92,"column":34},"end":{"line":92,"column":35}},"loc":{"start":{"line":92,"column":52},"end":{"line":92,"column":79}},"line":92},"12":{"name":"(anonymous_12)","decl":{"start":{"line":96,"column":57},"end":{"line":96,"column":58}},"loc":{"start":{"line":96,"column":75},"end":{"line":96,"column":102}},"line":96},"13":{"name":"(anonymous_13)","decl":{"start":{"line":100,"column":59},"end":{"line":100,"column":60}},"loc":{"start":{"line":100,"column":77},"end":{"line":100,"column":104}},"line":100}},"branchMap":{"0":{"loc":{"start":{"line":4,"column":16},"end":{"line":4,"column":32}},"type":"default-arg","locations":[{"start":{"line":4,"column":27},"end":{"line":4,"column":32}}],"line":4},"1":{"loc":{"start":{"line":15,"column":8},"end":{"line":18,"column":9}},"type":"if","locations":[{"start":{"line":15,"column":8},"end":{"line":18,"column":9}},{"start":{},"end":{}}],"line":15},"2":{"loc":{"start":{"line":41,"column":27},"end":{"line":41,"column":81}},"type":"cond-expr","locations":[{"start":{"line":41,"column":49},"end":{"line":41,"column":65}},{"start":{"line":41,"column":68},"end":{"line":41,"column":81}}],"line":41},"3":{"loc":{"start":{"line":44,"column":25},"end":{"line":44,"column":61}},"type":"cond-expr","locations":[{"start":{"line":44,"column":35},"end":{"line":44,"column":42}},{"start":{"line":44,"column":45},"end":{"line":44,"column":61}}],"line":44},"4":{"loc":{"start":{"line":46,"column":25},"end":{"line":48,"column":109}},"type":"cond-expr","locations":[{"start":{"line":46,"column":40},"end":{"line":46,"column":134}},{"start":{"line":48,"column":8},"end":{"line":48,"column":109}}],"line":46},"5":{"loc":{"start":{"line":46,"column":40},"end":{"line":46,"column":134}},"type":"cond-expr","locations":[{"start":{"line":46,"column":89},"end":{"line":46,"column":99}},{"start":{"line":46,"column":102},"end":{"line":46,"column":134}}],"line":46},"6":{"loc":{"start":{"line":48,"column":8},"end":{"line":48,"column":109}},"type":"cond-expr","locations":[{"start":{"line":48,"column":62},"end":{"line":48,"column":72}},{"start":{"line":48,"column":75},"end":{"line":48,"column":109}}],"line":48},"7":{"loc":{"start":{"line":53,"column":12},"end":{"line":57,"column":13}},"type":"if","locations":[{"start":{"line":53,"column":12},"end":{"line":57,"column":13}},{"start":{"line":55,"column":19},"end":{"line":57,"column":13}}],"line":53},"8":{"loc":{"start":{"line":62,"column":8},"end":{"line":66,"column":9}},"type":"if","locations":[{"start":{"line":62,"column":8},"end":{"line":66,"column":9}},{"start":{"line":64,"column":15},"end":{"line":66,"column":9}}],"line":62},"9":{"loc":{"start":{"line":70,"column":8},"end":{"line":85,"column":9}},"type":"if","locations":[{"start":{"line":70,"column":8},"end":{"line":85,"column":9}},{"start":{"line":82,"column":15},"end":{"line":85,"column":9}}],"line":70},"10":{"loc":{"start":{"line":70,"column":12},"end":{"line":70,"column":29}},"type":"binary-expr","locations":[{"start":{"line":70,"column":12},"end":{"line":70,"column":17}},{"start":{"line":70,"column":21},"end":{"line":70,"column":29}}],"line":70},"11":{"loc":{"start":{"line":77,"column":12},"end":{"line":81,"column":13}},"type":"if","locations":[{"start":{"line":77,"column":12},"end":{"line":81,"column":13}},{"start":{"line":79,"column":19},"end":{"line":81,"column":13}}],"line":77},"12":{"loc":{"start":{"line":83,"column":12},"end":{"line":83,"column":77}},"type":"if","locations":[{"start":{"line":83,"column":12},"end":{"line":83,"column":77}},{"start":{},"end":{}}],"line":83},"13":{"loc":{"start":{"line":84,"column":12},"end":{"line":84,"column":60}},"type":"if","locations":[{"start":{"line":84,"column":12},"end":{"line":84,"column":60}},{"start":{},"end":{}}],"line":84},"14":{"loc":{"start":{"line":92,"column":12},"end":{"line":104,"column":13}},"type":"if","locations":[{"start":{"line":92,"column":12},"end":{"line":104,"column":13}},{"start":{},"end":{}}],"line":92},"15":{"loc":{"start":{"line":94,"column":16},"end":{"line":97,"column":17}},"type":"if","locations":[{"start":{"line":94,"column":16},"end":{"line":97,"column":17}},{"start":{},"end":{}}],"line":94},"16":{"loc":{"start":{"line":98,"column":16},"end":{"line":101,"column":17}},"type":"if","locations":[{"start":{"line":98,"column":16},"end":{"line":101,"column":17}},{"start":{},"end":{}}],"line":98},"17":{"loc":{"start":{"line":113,"column":8},"end":{"line":116,"column":9}},"type":"if","locations":[{"start":{"line":113,"column":8},"end":{"line":116,"column":9}},{"start":{},"end":{}}],"line":113},"18":{"loc":{"start":{"line":117,"column":8},"end":{"line":120,"column":9}},"type":"if","locations":[{"start":{"line":117,"column":8},"end":{"line":120,"column":9}},{"start":{},"end":{}}],"line":117}},"s":{"0":1,"1":8,"2":8,"3":8,"4":8,"5":8,"6":8,"7":8,"8":8,"9":8,"10":8,"11":0,"12":0,"13":0,"14":0,"15":0,"16":0,"17":0,"18":0,"19":0,"20":0,"21":0,"22":0,"23":0,"24":2,"25":2,"26":2,"27":2,"28":2,"29":2,"30":2,"31":2,"32":2,"33":5,"34":2,"35":3,"36":2,"37":1,"38":2,"39":1,"40":3,"41":2,"42":5,"43":2,"44":2,"45":5,"46":5,"47":2,"48":2,"49":2,"50":1,"51":2,"52":1,"53":3,"54":0,"55":0,"56":0,"57":0,"58":8,"59":3,"60":3,"61":15,"62":10,"63":1,"64":1,"65":1,"66":2,"67":1,"68":0,"69":0,"70":0,"71":1,"72":3,"73":3,"74":3,"75":3,"76":3,"77":3,"78":1,"79":1,"80":3,"81":1,"82":1,"83":1},"f":{"0":8,"1":0,"2":2,"3":2,"4":3,"5":5,"6":5,"7":2,"8":3,"9":3,"10":15,"11":10,"12":2,"13":0},"b":{"0":[0],"1":[0,8],"2":[2,0],"3":[2,0],"4":[1,1],"5":[1,0],"6":[1,0],"7":[2,3],"8":[1,1],"9":[2,0],"10":[2,2],"11":[1,1],"12":[0,0],"13":[0,0],"14":[1,14],"15":[1,0],"16":[0,1],"17":[1,2],"18":[1,2]},"_coverageSchema":"1a1c01bbd47fc00a2c39e90264f33305004495a9","hash":"c76304c77d4f45dabc24ce503390347e10b1ea84"}
,"/Users/leoandrade/repos/battleship/src/player.js": {"path":"/Users/leoandrade/repos/battleship/src/player.js","statementMap":{"0":{"start":{"line":3,"column":8},"end":{"line":3,"column":25}},"1":{"start":{"line":4,"column":8},"end":{"line":4,"column":22}},"2":{"start":{"line":5,"column":8},"end":{"line":5,"column":28}},"3":{"start":{"line":9,"column":0},"end":{"line":9,"column":24}}},"fnMap":{"0":{"name":"(anonymous_0)","decl":{"start":{"line":2,"column":4},"end":{"line":2,"column":5}},"loc":{"start":{"line":2,"column":22},"end":{"line":6,"column":5}},"line":2}},"branchMap":{},"s":{"0":17,"1":17,"2":17,"3":2},"f":{"0":17},"b":{},"_coverageSchema":"1a1c01bbd47fc00a2c39e90264f33305004495a9","hash":"637fe1d1fcbebda95a5d69219e4f0e02332922db"}
,"/Users/leoandrade/repos/battleship/src/ship.js": {"path":"/Users/leoandrade/repos/battleship/src/ship.js","statementMap":{"0":{"start":{"line":3,"column":8},"end":{"line":3,"column":25}},"1":{"start":{"line":4,"column":8},"end":{"line":4,"column":29}},"2":{"start":{"line":8,"column":0},"end":{"line":8,"column":22}}},"fnMap":{"0":{"name":"(anonymous_0)","decl":{"start":{"line":2,"column":4},"end":{"line":2,"column":5}},"loc":{"start":{"line":2,"column":30},"end":{"line":5,"column":5}},"line":2}},"branchMap":{},"s":{"0":3,"1":3,"2":2},"f":{"0":3},"b":{},"_coverageSchema":"1a1c01bbd47fc00a2c39e90264f33305004495a9","hash":"e7f914ec94a70dfc1987fd611353e89cecb83691"}
}
