TN:
SF:src/gameBoard.js
FN:4,(anonymous_0)
FN:22,(anonymous_1)
FN:38,(anonymous_2)
FN:63,(anonymous_3)
FN:65,(anonymous_4)
FN:68,(anonymous_5)
FN:71,(anonymous_6)
FN:78,(anonymous_7)
FN:80,(anonymous_8)
FN:88,(anonymous_9)
FN:91,(anonymous_10)
FN:92,(anonymous_11)
FN:96,(anonymous_12)
FN:100,(anonymous_13)
FNF:14
FNH:12
FNDA:8,(anonymous_0)
FNDA:0,(anonymous_1)
FNDA:2,(anonymous_2)
FNDA:2,(anonymous_3)
FNDA:3,(anonymous_4)
FNDA:5,(anonymous_5)
FNDA:5,(anonymous_6)
FNDA:2,(anonymous_7)
FNDA:3,(anonymous_8)
FNDA:3,(anonymous_9)
FNDA:15,(anonymous_10)
FNDA:10,(anonymous_11)
FNDA:2,(anonymous_12)
FNDA:0,(anonymous_13)
DA:1,1
DA:5,8
DA:6,8
DA:7,8
DA:8,8
DA:9,8
DA:10,8
DA:11,8
DA:12,8
DA:13,8
DA:15,8
DA:16,0
DA:17,0
DA:23,0
DA:24,0
DA:25,0
DA:26,0
DA:28,0
DA:29,0
DA:30,0
DA:31,0
DA:32,0
DA:35,0
DA:39,2
DA:40,2
DA:41,2
DA:42,2
DA:44,2
DA:46,2
DA:50,2
DA:52,2
DA:53,5
DA:54,2
DA:56,3
DA:62,2
DA:63,2
DA:65,3
DA:68,5
DA:70,2
DA:71,2
DA:72,5
DA:73,5
DA:75,2
DA:76,2
DA:77,2
DA:78,2
DA:80,3
DA:83,0
DA:84,0
DA:88,8
DA:89,3
DA:91,3
DA:92,15
DA:94,1
DA:95,1
DA:96,2
DA:98,1
DA:99,0
DA:100,0
DA:103,1
DA:107,3
DA:108,3
DA:109,3
DA:110,3
DA:111,3
DA:113,3
DA:114,1
DA:115,1
DA:117,3
DA:118,1
DA:119,1
DA:124,1
LF:72
LH:56
BRDA:4,0,0,0
BRDA:15,1,0,0
BRDA:15,1,1,8
BRDA:41,2,0,2
BRDA:41,2,1,0
BRDA:44,3,0,2
BRDA:44,3,1,0
BRDA:46,4,0,1
BRDA:46,4,1,1
BRDA:46,5,0,1
BRDA:46,5,1,0
BRDA:48,6,0,1
BRDA:48,6,1,0
BRDA:53,7,0,2
BRDA:53,7,1,3
BRDA:62,8,0,1
BRDA:62,8,1,1
BRDA:70,9,0,2
BRDA:70,9,1,0
BRDA:70,10,0,2
BRDA:70,10,1,2
BRDA:77,11,0,1
BRDA:77,11,1,1
BRDA:83,12,0,0
BRDA:83,12,1,0
BRDA:84,13,0,0
BRDA:84,13,1,0
BRDA:92,14,0,1
BRDA:92,14,1,14
BRDA:94,15,0,1
BRDA:94,15,1,0
BRDA:98,16,0,0
BRDA:98,16,1,1
BRDA:113,17,0,1
BRDA:113,17,1,2
BRDA:117,18,0,1
BRDA:117,18,1,2
BRF:37
BRH:24
end_of_record
TN:
SF:src/player.js
FN:2,(anonymous_0)
FNF:1
FNH:1
FNDA:17,(anonymous_0)
DA:3,17
DA:4,17
DA:5,17
DA:9,2
LF:4
LH:4
BRF:0
BRH:0
end_of_record
TN:
SF:src/ship.js
FN:2,(anonymous_0)
FNF:1
FNH:1
FNDA:3,(anonymous_0)
DA:3,3
DA:4,3
DA:8,2
LF:3
LH:3
BRF:0
BRH:0
end_of_record
